ARM GAS  /tmp/ccwSTmxf.s 			page 1


   1              		.syntax unified
   2              		.cpu cortex-m4
   3              		.eabi_attribute 27, 1
   4              		.eabi_attribute 28, 1
   5              		.fpu fpv4-sp-d16
   6              		.eabi_attribute 20, 1
   7              		.eabi_attribute 21, 1
   8              		.eabi_attribute 23, 3
   9              		.eabi_attribute 24, 1
  10              		.eabi_attribute 25, 1
  11              		.eabi_attribute 26, 1
  12              		.eabi_attribute 30, 1
  13              		.eabi_attribute 34, 1
  14              		.eabi_attribute 18, 4
  15              		.thumb
  16              		.syntax unified
  17              		.file	"main.c"
  18              		.text
  19              	.Ltext0:
  20              		.cfi_sections	.debug_frame
  21              		.section	.text.MX_GPIO_Init,"ax",%progbits
  22              		.align	2
  23              		.thumb
  24              		.thumb_func
  26              	MX_GPIO_Init:
  27              	.LFB126:
  28              		.file 1 "Src/main.c"
   1:Src/main.c    **** /**
   2:Src/main.c    ****   ******************************************************************************
   3:Src/main.c    ****   * File Name          : main.c
   4:Src/main.c    ****   * Description        : Main program body
   5:Src/main.c    ****   ******************************************************************************
   6:Src/main.c    ****   ** This notice applies to any and all portions of this file
   7:Src/main.c    ****   * that are not between comment pairs USER CODE BEGIN and
   8:Src/main.c    ****   * USER CODE END. Other portions of this file, whether 
   9:Src/main.c    ****   * inserted by the user or by software development tools
  10:Src/main.c    ****   * are owned by their respective copyright owners.
  11:Src/main.c    ****   *
  12:Src/main.c    ****   * COPYRIGHT(c) 2017 STMicroelectronics
  13:Src/main.c    ****   *
  14:Src/main.c    ****   * Redistribution and use in source and binary forms, with or without modification,
  15:Src/main.c    ****   * are permitted provided that the following conditions are met:
  16:Src/main.c    ****   *   1. Redistributions of source code must retain the above copyright notice,
  17:Src/main.c    ****   *      this list of conditions and the following disclaimer.
  18:Src/main.c    ****   *   2. Redistributions in binary form must reproduce the above copyright notice,
  19:Src/main.c    ****   *      this list of conditions and the following disclaimer in the documentation
  20:Src/main.c    ****   *      and/or other materials provided with the distribution.
  21:Src/main.c    ****   *   3. Neither the name of STMicroelectronics nor the names of its contributors
  22:Src/main.c    ****   *      may be used to endorse or promote products derived from this software
  23:Src/main.c    ****   *      without specific prior written permission.
  24:Src/main.c    ****   *
  25:Src/main.c    ****   * THIS SOFTWARE IS PROVIDED BY THE COPYRIGHT HOLDERS AND CONTRIBUTORS "AS IS"
  26:Src/main.c    ****   * AND ANY EXPRESS OR IMPLIED WARRANTIES, INCLUDING, BUT NOT LIMITED TO, THE
  27:Src/main.c    ****   * IMPLIED WARRANTIES OF MERCHANTABILITY AND FITNESS FOR A PARTICULAR PURPOSE ARE
  28:Src/main.c    ****   * DISCLAIMED. IN NO EVENT SHALL THE COPYRIGHT HOLDER OR CONTRIBUTORS BE LIABLE
  29:Src/main.c    ****   * FOR ANY DIRECT, INDIRECT, INCIDENTAL, SPECIAL, EXEMPLARY, OR CONSEQUENTIAL
  30:Src/main.c    ****   * DAMAGES (INCLUDING, BUT NOT LIMITED TO, PROCUREMENT OF SUBSTITUTE GOODS OR
ARM GAS  /tmp/ccwSTmxf.s 			page 2


  31:Src/main.c    ****   * SERVICES; LOSS OF USE, DATA, OR PROFITS; OR BUSINESS INTERRUPTION) HOWEVER
  32:Src/main.c    ****   * CAUSED AND ON ANY THEORY OF LIABILITY, WHETHER IN CONTRACT, STRICT LIABILITY,
  33:Src/main.c    ****   * OR TORT (INCLUDING NEGLIGENCE OR OTHERWISE) ARISING IN ANY WAY OUT OF THE USE
  34:Src/main.c    ****   * OF THIS SOFTWARE, EVEN IF ADVISED OF THE POSSIBILITY OF SUCH DAMAGE.
  35:Src/main.c    ****   *
  36:Src/main.c    ****   ******************************************************************************
  37:Src/main.c    ****   */
  38:Src/main.c    **** 
  39:Src/main.c    **** /* Includes ------------------------------------------------------------------*/
  40:Src/main.c    **** #include "main.h"
  41:Src/main.c    **** #include "stm32f4xx_hal.h"
  42:Src/main.c    **** 
  43:Src/main.c    **** /* USER CODE BEGIN Includes */
  44:Src/main.c    **** 
  45:Src/main.c    **** /* USER CODE END Includes */
  46:Src/main.c    **** 
  47:Src/main.c    **** /* Private variables ---------------------------------------------------------*/
  48:Src/main.c    **** 
  49:Src/main.c    **** /* USER CODE BEGIN PV */
  50:Src/main.c    **** /* Private variables ---------------------------------------------------------*/
  51:Src/main.c    **** 
  52:Src/main.c    **** /* USER CODE END PV */
  53:Src/main.c    **** 
  54:Src/main.c    **** /* Private function prototypes -----------------------------------------------*/
  55:Src/main.c    **** void SystemClock_Config(void);
  56:Src/main.c    **** static void MX_GPIO_Init(void);
  57:Src/main.c    **** 
  58:Src/main.c    **** /* USER CODE BEGIN PFP */
  59:Src/main.c    **** /* Private function prototypes -----------------------------------------------*/
  60:Src/main.c    **** 
  61:Src/main.c    **** /* USER CODE END PFP */
  62:Src/main.c    **** 
  63:Src/main.c    **** /* USER CODE BEGIN 0 */
  64:Src/main.c    **** 
  65:Src/main.c    **** /* USER CODE END 0 */
  66:Src/main.c    **** 
  67:Src/main.c    **** int main(void)
  68:Src/main.c    **** {
  69:Src/main.c    **** 
  70:Src/main.c    ****   int i = 0;
  71:Src/main.c    ****   
  72:Src/main.c    ****   /* USER CODE BEGIN 1 */
  73:Src/main.c    **** 
  74:Src/main.c    ****   /* USER CODE END 1 */
  75:Src/main.c    **** 
  76:Src/main.c    ****   /* MCU Configuration----------------------------------------------------------*/
  77:Src/main.c    **** 
  78:Src/main.c    ****   /* Reset of all peripherals, Initializes the Flash interface and the Systick. */
  79:Src/main.c    ****   HAL_Init();
  80:Src/main.c    **** 
  81:Src/main.c    ****   /* USER CODE BEGIN Init */
  82:Src/main.c    **** 
  83:Src/main.c    ****   /* USER CODE END Init */
  84:Src/main.c    **** 
  85:Src/main.c    ****   /* Configure the system clock */
  86:Src/main.c    ****   SystemClock_Config();
  87:Src/main.c    ****   i = 1;
ARM GAS  /tmp/ccwSTmxf.s 			page 3


  88:Src/main.c    ****   /* USER CODE BEGIN SysInit */
  89:Src/main.c    **** 
  90:Src/main.c    ****   /* USER CODE END SysInit */
  91:Src/main.c    **** 
  92:Src/main.c    ****   /* Initialize all configured peripherals */
  93:Src/main.c    ****   MX_GPIO_Init();
  94:Src/main.c    **** 
  95:Src/main.c    ****   /* USER CODE BEGIN 2 */
  96:Src/main.c    **** 
  97:Src/main.c    ****   /* USER CODE END 2 */
  98:Src/main.c    **** 
  99:Src/main.c    ****   /* Infinite loop */
 100:Src/main.c    ****   /* USER CODE BEGIN WHILE */
 101:Src/main.c    ****   while (1)
 102:Src/main.c    ****   {
 103:Src/main.c    ****   /* USER CODE END WHILE */
 104:Src/main.c    **** 
 105:Src/main.c    ****   /* USER CODE BEGIN 3 */
 106:Src/main.c    **** 
 107:Src/main.c    ****   }
 108:Src/main.c    ****   /* USER CODE END 3 */
 109:Src/main.c    **** 
 110:Src/main.c    **** }
 111:Src/main.c    **** 
 112:Src/main.c    **** /** System Clock Configuration
 113:Src/main.c    **** */
 114:Src/main.c    **** void SystemClock_Config(void)
 115:Src/main.c    **** {
 116:Src/main.c    **** 
 117:Src/main.c    ****   RCC_OscInitTypeDef RCC_OscInitStruct;
 118:Src/main.c    ****   RCC_ClkInitTypeDef RCC_ClkInitStruct;
 119:Src/main.c    **** 
 120:Src/main.c    ****     /**Configure the main internal regulator output voltage 
 121:Src/main.c    ****     */
 122:Src/main.c    ****   __HAL_RCC_PWR_CLK_ENABLE();
 123:Src/main.c    **** 
 124:Src/main.c    ****   __HAL_PWR_VOLTAGESCALING_CONFIG(PWR_REGULATOR_VOLTAGE_SCALE1);
 125:Src/main.c    **** 
 126:Src/main.c    ****     /**Initializes the CPU, AHB and APB busses clocks 
 127:Src/main.c    ****     */
 128:Src/main.c    ****   RCC_OscInitStruct.OscillatorType = RCC_OSCILLATORTYPE_HSI;
 129:Src/main.c    ****   RCC_OscInitStruct.HSIState = RCC_HSI_ON;
 130:Src/main.c    ****   RCC_OscInitStruct.HSICalibrationValue = 16;
 131:Src/main.c    ****   RCC_OscInitStruct.PLL.PLLState = RCC_PLL_ON;
 132:Src/main.c    ****   RCC_OscInitStruct.PLL.PLLSource = RCC_PLLSOURCE_HSI;
 133:Src/main.c    ****   RCC_OscInitStruct.PLL.PLLM = 8;
 134:Src/main.c    ****   RCC_OscInitStruct.PLL.PLLN = 50;
 135:Src/main.c    ****   RCC_OscInitStruct.PLL.PLLP = RCC_PLLP_DIV4;
 136:Src/main.c    ****   RCC_OscInitStruct.PLL.PLLQ = 7;
 137:Src/main.c    ****   if (HAL_RCC_OscConfig(&RCC_OscInitStruct) != HAL_OK)
 138:Src/main.c    ****   {
 139:Src/main.c    ****     _Error_Handler(__FILE__, __LINE__);
 140:Src/main.c    ****   }
 141:Src/main.c    **** 
 142:Src/main.c    ****     /**Initializes the CPU, AHB and APB busses clocks 
 143:Src/main.c    ****     */
 144:Src/main.c    ****   RCC_ClkInitStruct.ClockType = RCC_CLOCKTYPE_HCLK|RCC_CLOCKTYPE_SYSCLK
ARM GAS  /tmp/ccwSTmxf.s 			page 4


 145:Src/main.c    ****                               |RCC_CLOCKTYPE_PCLK1|RCC_CLOCKTYPE_PCLK2;
 146:Src/main.c    ****   RCC_ClkInitStruct.SYSCLKSource = RCC_SYSCLKSOURCE_PLLCLK;
 147:Src/main.c    ****   RCC_ClkInitStruct.AHBCLKDivider = RCC_SYSCLK_DIV1;
 148:Src/main.c    ****   RCC_ClkInitStruct.APB1CLKDivider = RCC_HCLK_DIV4;
 149:Src/main.c    ****   RCC_ClkInitStruct.APB2CLKDivider = RCC_HCLK_DIV2;
 150:Src/main.c    **** 
 151:Src/main.c    ****   if (HAL_RCC_ClockConfig(&RCC_ClkInitStruct, FLASH_LATENCY_0) != HAL_OK)
 152:Src/main.c    ****   {
 153:Src/main.c    ****     _Error_Handler(__FILE__, __LINE__);
 154:Src/main.c    ****   }
 155:Src/main.c    **** 
 156:Src/main.c    ****     /**Configure the Systick interrupt time 
 157:Src/main.c    ****     */
 158:Src/main.c    ****   HAL_SYSTICK_Config(HAL_RCC_GetHCLKFreq()/1000);
 159:Src/main.c    **** 
 160:Src/main.c    ****     /**Configure the Systick 
 161:Src/main.c    ****     */
 162:Src/main.c    ****   HAL_SYSTICK_CLKSourceConfig(SYSTICK_CLKSOURCE_HCLK);
 163:Src/main.c    **** 
 164:Src/main.c    ****   /* SysTick_IRQn interrupt configuration */
 165:Src/main.c    ****   HAL_NVIC_SetPriority(SysTick_IRQn, 0, 0);
 166:Src/main.c    **** }
 167:Src/main.c    **** 
 168:Src/main.c    **** /** Configure pins as 
 169:Src/main.c    ****         * Analog 
 170:Src/main.c    ****         * Input 
 171:Src/main.c    ****         * Output
 172:Src/main.c    ****         * EVENT_OUT
 173:Src/main.c    ****         * EXTI
 174:Src/main.c    ****      PC3   ------> I2S2_SD
 175:Src/main.c    ****      PA4   ------> I2S3_WS
 176:Src/main.c    ****      PA5   ------> SPI1_SCK
 177:Src/main.c    ****      PA6   ------> SPI1_MISO
 178:Src/main.c    ****      PA7   ------> SPI1_MOSI
 179:Src/main.c    ****      PB10   ------> I2S2_CK
 180:Src/main.c    ****      PC7   ------> I2S3_MCK
 181:Src/main.c    ****      PA9   ------> USB_OTG_FS_VBUS
 182:Src/main.c    ****      PA10   ------> USB_OTG_FS_ID
 183:Src/main.c    ****      PA11   ------> USB_OTG_FS_DM
 184:Src/main.c    ****      PA12   ------> USB_OTG_FS_DP
 185:Src/main.c    ****      PC10   ------> I2S3_CK
 186:Src/main.c    ****      PC12   ------> I2S3_SD
 187:Src/main.c    ****      PB6   ------> I2C1_SCL
 188:Src/main.c    ****      PB9   ------> I2C1_SDA
 189:Src/main.c    **** */
 190:Src/main.c    **** static void MX_GPIO_Init(void)
 191:Src/main.c    **** {
  29              		.loc 1 191 0
  30              		.cfi_startproc
  31              		@ args = 0, pretend = 0, frame = 48
  32              		@ frame_needed = 0, uses_anonymous_args = 0
  33 0000 2DE9F04F 		push	{r4, r5, r6, r7, r8, r9, r10, fp, lr}
  34              	.LCFI0:
  35              		.cfi_def_cfa_offset 36
  36              		.cfi_offset 4, -36
  37              		.cfi_offset 5, -32
  38              		.cfi_offset 6, -28
ARM GAS  /tmp/ccwSTmxf.s 			page 5


  39              		.cfi_offset 7, -24
  40              		.cfi_offset 8, -20
  41              		.cfi_offset 9, -16
  42              		.cfi_offset 10, -12
  43              		.cfi_offset 11, -8
  44              		.cfi_offset 14, -4
  45 0004 8DB0     		sub	sp, sp, #52
  46              	.LCFI1:
  47              		.cfi_def_cfa_offset 88
  48              	.LBB2:
 192:Src/main.c    **** 
 193:Src/main.c    ****   GPIO_InitTypeDef GPIO_InitStruct;
 194:Src/main.c    **** 
 195:Src/main.c    ****   /* GPIO Ports Clock Enable */
 196:Src/main.c    ****   __HAL_RCC_GPIOE_CLK_ENABLE();
  49              		.loc 1 196 0
  50 0006 0024     		movs	r4, #0
  51 0008 0194     		str	r4, [sp, #4]
  52 000a 774B     		ldr	r3, .L3
  53 000c 1A6B     		ldr	r2, [r3, #48]
  54 000e 42F01002 		orr	r2, r2, #16
  55 0012 1A63     		str	r2, [r3, #48]
  56 0014 1A6B     		ldr	r2, [r3, #48]
  57 0016 02F01002 		and	r2, r2, #16
  58 001a 0192     		str	r2, [sp, #4]
  59 001c 019A     		ldr	r2, [sp, #4]
  60              	.LBE2:
  61              	.LBB3:
 197:Src/main.c    ****   __HAL_RCC_GPIOC_CLK_ENABLE();
  62              		.loc 1 197 0
  63 001e 0294     		str	r4, [sp, #8]
  64 0020 1A6B     		ldr	r2, [r3, #48]
  65 0022 42F00402 		orr	r2, r2, #4
  66 0026 1A63     		str	r2, [r3, #48]
  67 0028 1A6B     		ldr	r2, [r3, #48]
  68 002a 02F00402 		and	r2, r2, #4
  69 002e 0292     		str	r2, [sp, #8]
  70 0030 029A     		ldr	r2, [sp, #8]
  71              	.LBE3:
  72              	.LBB4:
 198:Src/main.c    ****   __HAL_RCC_GPIOH_CLK_ENABLE();
  73              		.loc 1 198 0
  74 0032 0394     		str	r4, [sp, #12]
  75 0034 1A6B     		ldr	r2, [r3, #48]
  76 0036 42F08002 		orr	r2, r2, #128
  77 003a 1A63     		str	r2, [r3, #48]
  78 003c 1A6B     		ldr	r2, [r3, #48]
  79 003e 02F08002 		and	r2, r2, #128
  80 0042 0392     		str	r2, [sp, #12]
  81 0044 039A     		ldr	r2, [sp, #12]
  82              	.LBE4:
  83              	.LBB5:
 199:Src/main.c    ****   __HAL_RCC_GPIOA_CLK_ENABLE();
  84              		.loc 1 199 0
  85 0046 0494     		str	r4, [sp, #16]
  86 0048 1A6B     		ldr	r2, [r3, #48]
  87 004a 42F00102 		orr	r2, r2, #1
ARM GAS  /tmp/ccwSTmxf.s 			page 6


  88 004e 1A63     		str	r2, [r3, #48]
  89 0050 1A6B     		ldr	r2, [r3, #48]
  90 0052 02F00102 		and	r2, r2, #1
  91 0056 0492     		str	r2, [sp, #16]
  92 0058 049A     		ldr	r2, [sp, #16]
  93              	.LBE5:
  94              	.LBB6:
 200:Src/main.c    ****   __HAL_RCC_GPIOB_CLK_ENABLE();
  95              		.loc 1 200 0
  96 005a 0594     		str	r4, [sp, #20]
  97 005c 1A6B     		ldr	r2, [r3, #48]
  98 005e 42F00202 		orr	r2, r2, #2
  99 0062 1A63     		str	r2, [r3, #48]
 100 0064 1A6B     		ldr	r2, [r3, #48]
 101 0066 02F00202 		and	r2, r2, #2
 102 006a 0592     		str	r2, [sp, #20]
 103 006c 059A     		ldr	r2, [sp, #20]
 104              	.LBE6:
 105              	.LBB7:
 201:Src/main.c    ****   __HAL_RCC_GPIOD_CLK_ENABLE();
 106              		.loc 1 201 0
 107 006e 0694     		str	r4, [sp, #24]
 108 0070 1A6B     		ldr	r2, [r3, #48]
 109 0072 42F00802 		orr	r2, r2, #8
 110 0076 1A63     		str	r2, [r3, #48]
 111 0078 1B6B     		ldr	r3, [r3, #48]
 112 007a 03F00803 		and	r3, r3, #8
 113 007e 0693     		str	r3, [sp, #24]
 114 0080 069B     		ldr	r3, [sp, #24]
 115              	.LBE7:
 202:Src/main.c    **** 
 203:Src/main.c    ****   /*Configure GPIO pin Output Level */
 204:Src/main.c    ****   HAL_GPIO_WritePin(CS_I2C_SPI_GPIO_Port, CS_I2C_SPI_Pin, GPIO_PIN_RESET);
 116              		.loc 1 204 0
 117 0082 2246     		mov	r2, r4
 118 0084 0821     		movs	r1, #8
 119 0086 5948     		ldr	r0, .L3+4
 120 0088 FFF7FEFF 		bl	HAL_GPIO_WritePin
 121              	.LVL0:
 205:Src/main.c    **** 
 206:Src/main.c    ****   /*Configure GPIO pin Output Level */
 207:Src/main.c    ****   HAL_GPIO_WritePin(OTG_FS_PowerSwitchOn_GPIO_Port, OTG_FS_PowerSwitchOn_Pin, GPIO_PIN_SET);
 122              		.loc 1 207 0
 123 008c DFF87481 		ldr	r8, .L3+28
 124 0090 0122     		movs	r2, #1
 125 0092 1146     		mov	r1, r2
 126 0094 4046     		mov	r0, r8
 127 0096 FFF7FEFF 		bl	HAL_GPIO_WritePin
 128              	.LVL1:
 208:Src/main.c    **** 
 209:Src/main.c    ****   /*Configure GPIO pin Output Level */
 210:Src/main.c    ****   HAL_GPIO_WritePin(GPIOD, LD4_Pin|LD3_Pin|LD5_Pin|LD6_Pin 
 129              		.loc 1 210 0
 130 009a 2246     		mov	r2, r4
 131 009c 4FF21001 		movw	r1, #61456
 132 00a0 5348     		ldr	r0, .L3+8
 133 00a2 FFF7FEFF 		bl	HAL_GPIO_WritePin
ARM GAS  /tmp/ccwSTmxf.s 			page 7


 134              	.LVL2:
 211:Src/main.c    ****                           |Audio_RST_Pin, GPIO_PIN_RESET);
 212:Src/main.c    **** 
 213:Src/main.c    ****   /*Configure GPIO pin : CS_I2C_SPI_Pin */
 214:Src/main.c    ****   GPIO_InitStruct.Pin = CS_I2C_SPI_Pin;
 135              		.loc 1 214 0
 136 00a6 0825     		movs	r5, #8
 137 00a8 0795     		str	r5, [sp, #28]
 215:Src/main.c    ****   GPIO_InitStruct.Mode = GPIO_MODE_OUTPUT_PP;
 138              		.loc 1 215 0
 139 00aa 0126     		movs	r6, #1
 140 00ac 0896     		str	r6, [sp, #32]
 216:Src/main.c    ****   GPIO_InitStruct.Pull = GPIO_NOPULL;
 141              		.loc 1 216 0
 142 00ae 0994     		str	r4, [sp, #36]
 217:Src/main.c    ****   GPIO_InitStruct.Speed = GPIO_SPEED_FREQ_LOW;
 143              		.loc 1 217 0
 144 00b0 0A94     		str	r4, [sp, #40]
 218:Src/main.c    ****   HAL_GPIO_Init(CS_I2C_SPI_GPIO_Port, &GPIO_InitStruct);
 145              		.loc 1 218 0
 146 00b2 07A9     		add	r1, sp, #28
 147 00b4 4D48     		ldr	r0, .L3+4
 148 00b6 FFF7FEFF 		bl	HAL_GPIO_Init
 149              	.LVL3:
 219:Src/main.c    **** 
 220:Src/main.c    ****   /*Configure GPIO pin : OTG_FS_PowerSwitchOn_Pin */
 221:Src/main.c    ****   GPIO_InitStruct.Pin = OTG_FS_PowerSwitchOn_Pin;
 150              		.loc 1 221 0
 151 00ba 0796     		str	r6, [sp, #28]
 222:Src/main.c    ****   GPIO_InitStruct.Mode = GPIO_MODE_OUTPUT_PP;
 152              		.loc 1 222 0
 153 00bc 0896     		str	r6, [sp, #32]
 223:Src/main.c    ****   GPIO_InitStruct.Pull = GPIO_NOPULL;
 154              		.loc 1 223 0
 155 00be 0994     		str	r4, [sp, #36]
 224:Src/main.c    ****   GPIO_InitStruct.Speed = GPIO_SPEED_FREQ_LOW;
 156              		.loc 1 224 0
 157 00c0 0A94     		str	r4, [sp, #40]
 225:Src/main.c    ****   HAL_GPIO_Init(OTG_FS_PowerSwitchOn_GPIO_Port, &GPIO_InitStruct);
 158              		.loc 1 225 0
 159 00c2 07A9     		add	r1, sp, #28
 160 00c4 4046     		mov	r0, r8
 161 00c6 FFF7FEFF 		bl	HAL_GPIO_Init
 162              	.LVL4:
 226:Src/main.c    **** 
 227:Src/main.c    ****   /*Configure GPIO pin : PDM_OUT_Pin */
 228:Src/main.c    ****   GPIO_InitStruct.Pin = PDM_OUT_Pin;
 163              		.loc 1 228 0
 164 00ca 0795     		str	r5, [sp, #28]
 229:Src/main.c    ****   GPIO_InitStruct.Mode = GPIO_MODE_AF_PP;
 165              		.loc 1 229 0
 166 00cc 0225     		movs	r5, #2
 167 00ce 0895     		str	r5, [sp, #32]
 230:Src/main.c    ****   GPIO_InitStruct.Pull = GPIO_NOPULL;
 168              		.loc 1 230 0
 169 00d0 0994     		str	r4, [sp, #36]
 231:Src/main.c    ****   GPIO_InitStruct.Speed = GPIO_SPEED_FREQ_LOW;
ARM GAS  /tmp/ccwSTmxf.s 			page 8


 170              		.loc 1 231 0
 171 00d2 0A94     		str	r4, [sp, #40]
 232:Src/main.c    ****   GPIO_InitStruct.Alternate = GPIO_AF5_SPI2;
 172              		.loc 1 232 0
 173 00d4 4FF00509 		mov	r9, #5
 174 00d8 CDF82C90 		str	r9, [sp, #44]
 233:Src/main.c    ****   HAL_GPIO_Init(PDM_OUT_GPIO_Port, &GPIO_InitStruct);
 175              		.loc 1 233 0
 176 00dc 07A9     		add	r1, sp, #28
 177 00de 4046     		mov	r0, r8
 178 00e0 FFF7FEFF 		bl	HAL_GPIO_Init
 179              	.LVL5:
 234:Src/main.c    **** 
 235:Src/main.c    ****   /*Configure GPIO pin : B1_Pin */
 236:Src/main.c    ****   GPIO_InitStruct.Pin = B1_Pin;
 180              		.loc 1 236 0
 181 00e4 0796     		str	r6, [sp, #28]
 237:Src/main.c    ****   GPIO_InitStruct.Mode = GPIO_MODE_IT_RISING;
 182              		.loc 1 237 0
 183 00e6 434B     		ldr	r3, .L3+12
 184 00e8 0893     		str	r3, [sp, #32]
 238:Src/main.c    ****   GPIO_InitStruct.Pull = GPIO_NOPULL;
 185              		.loc 1 238 0
 186 00ea 0994     		str	r4, [sp, #36]
 239:Src/main.c    ****   HAL_GPIO_Init(B1_GPIO_Port, &GPIO_InitStruct);
 187              		.loc 1 239 0
 188 00ec 424F     		ldr	r7, .L3+16
 189 00ee 07A9     		add	r1, sp, #28
 190 00f0 3846     		mov	r0, r7
 191 00f2 FFF7FEFF 		bl	HAL_GPIO_Init
 192              	.LVL6:
 240:Src/main.c    **** 
 241:Src/main.c    ****   /*Configure GPIO pin : I2S3_WS_Pin */
 242:Src/main.c    ****   GPIO_InitStruct.Pin = I2S3_WS_Pin;
 193              		.loc 1 242 0
 194 00f6 1023     		movs	r3, #16
 195 00f8 0793     		str	r3, [sp, #28]
 243:Src/main.c    ****   GPIO_InitStruct.Mode = GPIO_MODE_AF_PP;
 196              		.loc 1 243 0
 197 00fa 0895     		str	r5, [sp, #32]
 244:Src/main.c    ****   GPIO_InitStruct.Pull = GPIO_NOPULL;
 198              		.loc 1 244 0
 199 00fc 0994     		str	r4, [sp, #36]
 245:Src/main.c    ****   GPIO_InitStruct.Speed = GPIO_SPEED_FREQ_LOW;
 200              		.loc 1 245 0
 201 00fe 0A94     		str	r4, [sp, #40]
 246:Src/main.c    ****   GPIO_InitStruct.Alternate = GPIO_AF6_SPI3;
 202              		.loc 1 246 0
 203 0100 4FF0060B 		mov	fp, #6
 204 0104 CDF82CB0 		str	fp, [sp, #44]
 247:Src/main.c    ****   HAL_GPIO_Init(I2S3_WS_GPIO_Port, &GPIO_InitStruct);
 205              		.loc 1 247 0
 206 0108 07A9     		add	r1, sp, #28
 207 010a 3846     		mov	r0, r7
 208 010c FFF7FEFF 		bl	HAL_GPIO_Init
 209              	.LVL7:
 248:Src/main.c    **** 
ARM GAS  /tmp/ccwSTmxf.s 			page 9


 249:Src/main.c    ****   /*Configure GPIO pins : SPI1_SCK_Pin SPI1_MISO_Pin SPI1_MOSI_Pin */
 250:Src/main.c    ****   GPIO_InitStruct.Pin = SPI1_SCK_Pin|SPI1_MISO_Pin|SPI1_MOSI_Pin;
 210              		.loc 1 250 0
 211 0110 E023     		movs	r3, #224
 212 0112 0793     		str	r3, [sp, #28]
 251:Src/main.c    ****   GPIO_InitStruct.Mode = GPIO_MODE_AF_PP;
 213              		.loc 1 251 0
 214 0114 0895     		str	r5, [sp, #32]
 252:Src/main.c    ****   GPIO_InitStruct.Pull = GPIO_NOPULL;
 215              		.loc 1 252 0
 216 0116 0994     		str	r4, [sp, #36]
 253:Src/main.c    ****   GPIO_InitStruct.Speed = GPIO_SPEED_FREQ_LOW;
 217              		.loc 1 253 0
 218 0118 0A94     		str	r4, [sp, #40]
 254:Src/main.c    ****   GPIO_InitStruct.Alternate = GPIO_AF5_SPI1;
 219              		.loc 1 254 0
 220 011a CDF82C90 		str	r9, [sp, #44]
 255:Src/main.c    ****   HAL_GPIO_Init(GPIOA, &GPIO_InitStruct);
 221              		.loc 1 255 0
 222 011e 07A9     		add	r1, sp, #28
 223 0120 3846     		mov	r0, r7
 224 0122 FFF7FEFF 		bl	HAL_GPIO_Init
 225              	.LVL8:
 256:Src/main.c    **** 
 257:Src/main.c    ****   /*Configure GPIO pin : BOOT1_Pin */
 258:Src/main.c    ****   GPIO_InitStruct.Pin = BOOT1_Pin;
 226              		.loc 1 258 0
 227 0126 4FF0040A 		mov	r10, #4
 228 012a CDF81CA0 		str	r10, [sp, #28]
 259:Src/main.c    ****   GPIO_InitStruct.Mode = GPIO_MODE_INPUT;
 229              		.loc 1 259 0
 230 012e 0894     		str	r4, [sp, #32]
 260:Src/main.c    ****   GPIO_InitStruct.Pull = GPIO_NOPULL;
 231              		.loc 1 260 0
 232 0130 0994     		str	r4, [sp, #36]
 261:Src/main.c    ****   HAL_GPIO_Init(BOOT1_GPIO_Port, &GPIO_InitStruct);
 233              		.loc 1 261 0
 234 0132 07A9     		add	r1, sp, #28
 235 0134 3148     		ldr	r0, .L3+20
 236 0136 FFF7FEFF 		bl	HAL_GPIO_Init
 237              	.LVL9:
 262:Src/main.c    **** 
 263:Src/main.c    ****   /*Configure GPIO pin : CLK_IN_Pin */
 264:Src/main.c    ****   GPIO_InitStruct.Pin = CLK_IN_Pin;
 238              		.loc 1 264 0
 239 013a 4FF48063 		mov	r3, #1024
 240 013e 0793     		str	r3, [sp, #28]
 265:Src/main.c    ****   GPIO_InitStruct.Mode = GPIO_MODE_AF_PP;
 241              		.loc 1 265 0
 242 0140 0895     		str	r5, [sp, #32]
 266:Src/main.c    ****   GPIO_InitStruct.Pull = GPIO_NOPULL;
 243              		.loc 1 266 0
 244 0142 0994     		str	r4, [sp, #36]
 267:Src/main.c    ****   GPIO_InitStruct.Speed = GPIO_SPEED_FREQ_LOW;
 245              		.loc 1 267 0
 246 0144 0A94     		str	r4, [sp, #40]
 268:Src/main.c    ****   GPIO_InitStruct.Alternate = GPIO_AF5_SPI2;
ARM GAS  /tmp/ccwSTmxf.s 			page 10


 247              		.loc 1 268 0
 248 0146 CDF82C90 		str	r9, [sp, #44]
 269:Src/main.c    ****   HAL_GPIO_Init(CLK_IN_GPIO_Port, &GPIO_InitStruct);
 249              		.loc 1 269 0
 250 014a 07A9     		add	r1, sp, #28
 251 014c 2B48     		ldr	r0, .L3+20
 252 014e FFF7FEFF 		bl	HAL_GPIO_Init
 253              	.LVL10:
 270:Src/main.c    **** 
 271:Src/main.c    ****   /*Configure GPIO pins : LD4_Pin LD3_Pin LD5_Pin LD6_Pin 
 272:Src/main.c    ****                            Audio_RST_Pin */
 273:Src/main.c    ****   GPIO_InitStruct.Pin = LD4_Pin|LD3_Pin|LD5_Pin|LD6_Pin 
 254              		.loc 1 273 0
 255 0152 4FF21003 		movw	r3, #61456
 256 0156 0793     		str	r3, [sp, #28]
 274:Src/main.c    ****                           |Audio_RST_Pin;
 275:Src/main.c    ****   GPIO_InitStruct.Mode = GPIO_MODE_OUTPUT_PP;
 257              		.loc 1 275 0
 258 0158 0896     		str	r6, [sp, #32]
 276:Src/main.c    ****   GPIO_InitStruct.Pull = GPIO_NOPULL;
 259              		.loc 1 276 0
 260 015a 0994     		str	r4, [sp, #36]
 277:Src/main.c    ****   GPIO_InitStruct.Speed = GPIO_SPEED_FREQ_LOW;
 261              		.loc 1 277 0
 262 015c 0A94     		str	r4, [sp, #40]
 278:Src/main.c    ****   HAL_GPIO_Init(GPIOD, &GPIO_InitStruct);
 263              		.loc 1 278 0
 264 015e 07A9     		add	r1, sp, #28
 265 0160 2348     		ldr	r0, .L3+8
 266 0162 FFF7FEFF 		bl	HAL_GPIO_Init
 267              	.LVL11:
 279:Src/main.c    **** 
 280:Src/main.c    ****   /*Configure GPIO pins : I2S3_MCK_Pin I2S3_SCK_Pin I2S3_SD_Pin */
 281:Src/main.c    ****   GPIO_InitStruct.Pin = I2S3_MCK_Pin|I2S3_SCK_Pin|I2S3_SD_Pin;
 268              		.loc 1 281 0
 269 0166 4FF4A453 		mov	r3, #5248
 270 016a 0793     		str	r3, [sp, #28]
 282:Src/main.c    ****   GPIO_InitStruct.Mode = GPIO_MODE_AF_PP;
 271              		.loc 1 282 0
 272 016c 0895     		str	r5, [sp, #32]
 283:Src/main.c    ****   GPIO_InitStruct.Pull = GPIO_NOPULL;
 273              		.loc 1 283 0
 274 016e 0994     		str	r4, [sp, #36]
 284:Src/main.c    ****   GPIO_InitStruct.Speed = GPIO_SPEED_FREQ_LOW;
 275              		.loc 1 284 0
 276 0170 0A94     		str	r4, [sp, #40]
 285:Src/main.c    ****   GPIO_InitStruct.Alternate = GPIO_AF6_SPI3;
 277              		.loc 1 285 0
 278 0172 CDF82CB0 		str	fp, [sp, #44]
 286:Src/main.c    ****   HAL_GPIO_Init(GPIOC, &GPIO_InitStruct);
 279              		.loc 1 286 0
 280 0176 07A9     		add	r1, sp, #28
 281 0178 4046     		mov	r0, r8
 282 017a FFF7FEFF 		bl	HAL_GPIO_Init
 283              	.LVL12:
 287:Src/main.c    **** 
 288:Src/main.c    ****   /*Configure GPIO pin : VBUS_FS_Pin */
ARM GAS  /tmp/ccwSTmxf.s 			page 11


 289:Src/main.c    ****   GPIO_InitStruct.Pin = VBUS_FS_Pin;
 284              		.loc 1 289 0
 285 017e 4FF40073 		mov	r3, #512
 286 0182 0793     		str	r3, [sp, #28]
 290:Src/main.c    ****   GPIO_InitStruct.Mode = GPIO_MODE_INPUT;
 287              		.loc 1 290 0
 288 0184 0894     		str	r4, [sp, #32]
 291:Src/main.c    ****   GPIO_InitStruct.Pull = GPIO_NOPULL;
 289              		.loc 1 291 0
 290 0186 0994     		str	r4, [sp, #36]
 292:Src/main.c    ****   HAL_GPIO_Init(VBUS_FS_GPIO_Port, &GPIO_InitStruct);
 291              		.loc 1 292 0
 292 0188 07A9     		add	r1, sp, #28
 293 018a 3846     		mov	r0, r7
 294 018c FFF7FEFF 		bl	HAL_GPIO_Init
 295              	.LVL13:
 293:Src/main.c    **** 
 294:Src/main.c    ****   /*Configure GPIO pins : OTG_FS_ID_Pin OTG_FS_DM_Pin OTG_FS_DP_Pin */
 295:Src/main.c    ****   GPIO_InitStruct.Pin = OTG_FS_ID_Pin|OTG_FS_DM_Pin|OTG_FS_DP_Pin;
 296              		.loc 1 295 0
 297 0190 4FF4E053 		mov	r3, #7168
 298 0194 0793     		str	r3, [sp, #28]
 296:Src/main.c    ****   GPIO_InitStruct.Mode = GPIO_MODE_AF_PP;
 299              		.loc 1 296 0
 300 0196 0895     		str	r5, [sp, #32]
 297:Src/main.c    ****   GPIO_InitStruct.Pull = GPIO_NOPULL;
 301              		.loc 1 297 0
 302 0198 0994     		str	r4, [sp, #36]
 298:Src/main.c    ****   GPIO_InitStruct.Speed = GPIO_SPEED_FREQ_LOW;
 303              		.loc 1 298 0
 304 019a 0A94     		str	r4, [sp, #40]
 299:Src/main.c    ****   GPIO_InitStruct.Alternate = GPIO_AF10_OTG_FS;
 305              		.loc 1 299 0
 306 019c 0A23     		movs	r3, #10
 307 019e 0B93     		str	r3, [sp, #44]
 300:Src/main.c    ****   HAL_GPIO_Init(GPIOA, &GPIO_InitStruct);
 308              		.loc 1 300 0
 309 01a0 07A9     		add	r1, sp, #28
 310 01a2 3846     		mov	r0, r7
 311 01a4 FFF7FEFF 		bl	HAL_GPIO_Init
 312              	.LVL14:
 301:Src/main.c    **** 
 302:Src/main.c    ****   /*Configure GPIO pin : OTG_FS_OverCurrent_Pin */
 303:Src/main.c    ****   GPIO_InitStruct.Pin = OTG_FS_OverCurrent_Pin;
 313              		.loc 1 303 0
 314 01a8 2023     		movs	r3, #32
 315 01aa 0793     		str	r3, [sp, #28]
 304:Src/main.c    ****   GPIO_InitStruct.Mode = GPIO_MODE_INPUT;
 316              		.loc 1 304 0
 317 01ac 0894     		str	r4, [sp, #32]
 305:Src/main.c    ****   GPIO_InitStruct.Pull = GPIO_NOPULL;
 318              		.loc 1 305 0
 319 01ae 0994     		str	r4, [sp, #36]
 306:Src/main.c    ****   HAL_GPIO_Init(OTG_FS_OverCurrent_GPIO_Port, &GPIO_InitStruct);
 320              		.loc 1 306 0
 321 01b0 07A9     		add	r1, sp, #28
 322 01b2 0F48     		ldr	r0, .L3+8
ARM GAS  /tmp/ccwSTmxf.s 			page 12


 323 01b4 FFF7FEFF 		bl	HAL_GPIO_Init
 324              	.LVL15:
 307:Src/main.c    **** 
 308:Src/main.c    ****   /*Configure GPIO pins : Audio_SCL_Pin Audio_SDA_Pin */
 309:Src/main.c    ****   GPIO_InitStruct.Pin = Audio_SCL_Pin|Audio_SDA_Pin;
 325              		.loc 1 309 0
 326 01b8 4FF41073 		mov	r3, #576
 327 01bc 0793     		str	r3, [sp, #28]
 310:Src/main.c    ****   GPIO_InitStruct.Mode = GPIO_MODE_AF_OD;
 328              		.loc 1 310 0
 329 01be 1223     		movs	r3, #18
 330 01c0 0893     		str	r3, [sp, #32]
 311:Src/main.c    ****   GPIO_InitStruct.Pull = GPIO_PULLUP;
 331              		.loc 1 311 0
 332 01c2 0996     		str	r6, [sp, #36]
 312:Src/main.c    ****   GPIO_InitStruct.Speed = GPIO_SPEED_FREQ_LOW;
 333              		.loc 1 312 0
 334 01c4 0A94     		str	r4, [sp, #40]
 313:Src/main.c    ****   GPIO_InitStruct.Alternate = GPIO_AF4_I2C1;
 335              		.loc 1 313 0
 336 01c6 CDF82CA0 		str	r10, [sp, #44]
 314:Src/main.c    ****   HAL_GPIO_Init(GPIOB, &GPIO_InitStruct);
 337              		.loc 1 314 0
 338 01ca 07A9     		add	r1, sp, #28
 339 01cc 0B48     		ldr	r0, .L3+20
 340 01ce FFF7FEFF 		bl	HAL_GPIO_Init
 341              	.LVL16:
 315:Src/main.c    **** 
 316:Src/main.c    ****   /*Configure GPIO pin : MEMS_INT2_Pin */
 317:Src/main.c    ****   GPIO_InitStruct.Pin = MEMS_INT2_Pin;
 342              		.loc 1 317 0
 343 01d2 0795     		str	r5, [sp, #28]
 318:Src/main.c    ****   GPIO_InitStruct.Mode = GPIO_MODE_EVT_RISING;
 344              		.loc 1 318 0
 345 01d4 0A4B     		ldr	r3, .L3+24
 346 01d6 0893     		str	r3, [sp, #32]
 319:Src/main.c    ****   GPIO_InitStruct.Pull = GPIO_NOPULL;
 347              		.loc 1 319 0
 348 01d8 0994     		str	r4, [sp, #36]
 320:Src/main.c    ****   HAL_GPIO_Init(MEMS_INT2_GPIO_Port, &GPIO_InitStruct);
 349              		.loc 1 320 0
 350 01da 07A9     		add	r1, sp, #28
 351 01dc 0348     		ldr	r0, .L3+4
 352 01de FFF7FEFF 		bl	HAL_GPIO_Init
 353              	.LVL17:
 321:Src/main.c    **** 
 322:Src/main.c    **** }
 354              		.loc 1 322 0
 355 01e2 0DB0     		add	sp, sp, #52
 356              	.LCFI2:
 357              		.cfi_def_cfa_offset 36
 358              		@ sp needed
 359 01e4 BDE8F08F 		pop	{r4, r5, r6, r7, r8, r9, r10, fp, pc}
 360              	.L4:
 361              		.align	2
 362              	.L3:
 363 01e8 00380240 		.word	1073887232
ARM GAS  /tmp/ccwSTmxf.s 			page 13


 364 01ec 00100240 		.word	1073876992
 365 01f0 000C0240 		.word	1073875968
 366 01f4 00001110 		.word	269549568
 367 01f8 00000240 		.word	1073872896
 368 01fc 00040240 		.word	1073873920
 369 0200 00001210 		.word	269615104
 370 0204 00080240 		.word	1073874944
 371              		.cfi_endproc
 372              	.LFE126:
 374              		.section	.text._Error_Handler,"ax",%progbits
 375              		.align	2
 376              		.global	_Error_Handler
 377              		.thumb
 378              		.thumb_func
 380              	_Error_Handler:
 381              	.LFB127:
 323:Src/main.c    **** 
 324:Src/main.c    **** /* USER CODE BEGIN 4 */
 325:Src/main.c    **** 
 326:Src/main.c    **** /* USER CODE END 4 */
 327:Src/main.c    **** 
 328:Src/main.c    **** /**
 329:Src/main.c    ****   * @brief  This function is executed in case of error occurrence.
 330:Src/main.c    ****   * @param  None
 331:Src/main.c    ****   * @retval None
 332:Src/main.c    ****   */
 333:Src/main.c    **** void _Error_Handler(char * file, int line)
 334:Src/main.c    **** {
 382              		.loc 1 334 0
 383              		.cfi_startproc
 384              		@ Volatile: function does not return.
 385              		@ args = 0, pretend = 0, frame = 0
 386              		@ frame_needed = 0, uses_anonymous_args = 0
 387              		@ link register save eliminated.
 388              	.LVL18:
 389              	.L6:
 390 0000 FEE7     		b	.L6
 391              		.cfi_endproc
 392              	.LFE127:
 394 0002 00BF     		.section	.text.SystemClock_Config,"ax",%progbits
 395              		.align	2
 396              		.global	SystemClock_Config
 397              		.thumb
 398              		.thumb_func
 400              	SystemClock_Config:
 401              	.LFB125:
 115:Src/main.c    **** 
 402              		.loc 1 115 0
 403              		.cfi_startproc
 404              		@ args = 0, pretend = 0, frame = 80
 405              		@ frame_needed = 0, uses_anonymous_args = 0
 115:Src/main.c    **** 
 406              		.loc 1 115 0
 407 0000 00B5     		push	{lr}
 408              	.LCFI3:
 409              		.cfi_def_cfa_offset 4
 410              		.cfi_offset 14, -4
ARM GAS  /tmp/ccwSTmxf.s 			page 14


 411 0002 95B0     		sub	sp, sp, #84
 412              	.LCFI4:
 413              		.cfi_def_cfa_offset 88
 414              	.LBB8:
 122:Src/main.c    **** 
 415              		.loc 1 122 0
 416 0004 0023     		movs	r3, #0
 417 0006 0193     		str	r3, [sp, #4]
 418 0008 2A4A     		ldr	r2, .L11
 419 000a 116C     		ldr	r1, [r2, #64]
 420 000c 41F08051 		orr	r1, r1, #268435456
 421 0010 1164     		str	r1, [r2, #64]
 422 0012 126C     		ldr	r2, [r2, #64]
 423 0014 02F08052 		and	r2, r2, #268435456
 424 0018 0192     		str	r2, [sp, #4]
 425 001a 019A     		ldr	r2, [sp, #4]
 426              	.LBE8:
 427              	.LBB9:
 124:Src/main.c    **** 
 428              		.loc 1 124 0
 429 001c 0293     		str	r3, [sp, #8]
 430 001e 264A     		ldr	r2, .L11+4
 431 0020 1168     		ldr	r1, [r2]
 432 0022 41F48041 		orr	r1, r1, #16384
 433 0026 1160     		str	r1, [r2]
 434 0028 1268     		ldr	r2, [r2]
 435 002a 02F48042 		and	r2, r2, #16384
 436 002e 0292     		str	r2, [sp, #8]
 437 0030 029A     		ldr	r2, [sp, #8]
 438              	.LBE9:
 128:Src/main.c    ****   RCC_OscInitStruct.HSIState = RCC_HSI_ON;
 439              		.loc 1 128 0
 440 0032 0222     		movs	r2, #2
 441 0034 0892     		str	r2, [sp, #32]
 129:Src/main.c    ****   RCC_OscInitStruct.HSICalibrationValue = 16;
 442              		.loc 1 129 0
 443 0036 0121     		movs	r1, #1
 444 0038 0B91     		str	r1, [sp, #44]
 130:Src/main.c    ****   RCC_OscInitStruct.PLL.PLLState = RCC_PLL_ON;
 445              		.loc 1 130 0
 446 003a 1021     		movs	r1, #16
 447 003c 0C91     		str	r1, [sp, #48]
 131:Src/main.c    ****   RCC_OscInitStruct.PLL.PLLSource = RCC_PLLSOURCE_HSI;
 448              		.loc 1 131 0
 449 003e 0E92     		str	r2, [sp, #56]
 132:Src/main.c    ****   RCC_OscInitStruct.PLL.PLLM = 8;
 450              		.loc 1 132 0
 451 0040 0F93     		str	r3, [sp, #60]
 133:Src/main.c    ****   RCC_OscInitStruct.PLL.PLLN = 50;
 452              		.loc 1 133 0
 453 0042 0823     		movs	r3, #8
 454 0044 1093     		str	r3, [sp, #64]
 134:Src/main.c    ****   RCC_OscInitStruct.PLL.PLLP = RCC_PLLP_DIV4;
 455              		.loc 1 134 0
 456 0046 3223     		movs	r3, #50
 457 0048 1193     		str	r3, [sp, #68]
 135:Src/main.c    ****   RCC_OscInitStruct.PLL.PLLQ = 7;
ARM GAS  /tmp/ccwSTmxf.s 			page 15


 458              		.loc 1 135 0
 459 004a 0423     		movs	r3, #4
 460 004c 1293     		str	r3, [sp, #72]
 136:Src/main.c    ****   if (HAL_RCC_OscConfig(&RCC_OscInitStruct) != HAL_OK)
 461              		.loc 1 136 0
 462 004e 0723     		movs	r3, #7
 463 0050 1393     		str	r3, [sp, #76]
 137:Src/main.c    ****   {
 464              		.loc 1 137 0
 465 0052 08A8     		add	r0, sp, #32
 466 0054 FFF7FEFF 		bl	HAL_RCC_OscConfig
 467              	.LVL19:
 468 0058 18B1     		cbz	r0, .L8
 139:Src/main.c    ****   }
 469              		.loc 1 139 0
 470 005a 8B21     		movs	r1, #139
 471 005c 1748     		ldr	r0, .L11+8
 472 005e FFF7FEFF 		bl	_Error_Handler
 473              	.LVL20:
 474              	.L8:
 144:Src/main.c    ****                               |RCC_CLOCKTYPE_PCLK1|RCC_CLOCKTYPE_PCLK2;
 475              		.loc 1 144 0
 476 0062 0F23     		movs	r3, #15
 477 0064 0393     		str	r3, [sp, #12]
 146:Src/main.c    ****   RCC_ClkInitStruct.AHBCLKDivider = RCC_SYSCLK_DIV1;
 478              		.loc 1 146 0
 479 0066 0223     		movs	r3, #2
 480 0068 0493     		str	r3, [sp, #16]
 147:Src/main.c    ****   RCC_ClkInitStruct.APB1CLKDivider = RCC_HCLK_DIV4;
 481              		.loc 1 147 0
 482 006a 0021     		movs	r1, #0
 483 006c 0591     		str	r1, [sp, #20]
 148:Src/main.c    ****   RCC_ClkInitStruct.APB2CLKDivider = RCC_HCLK_DIV2;
 484              		.loc 1 148 0
 485 006e 4FF4A053 		mov	r3, #5120
 486 0072 0693     		str	r3, [sp, #24]
 149:Src/main.c    **** 
 487              		.loc 1 149 0
 488 0074 4FF48053 		mov	r3, #4096
 489 0078 0793     		str	r3, [sp, #28]
 151:Src/main.c    ****   {
 490              		.loc 1 151 0
 491 007a 03A8     		add	r0, sp, #12
 492 007c FFF7FEFF 		bl	HAL_RCC_ClockConfig
 493              	.LVL21:
 494 0080 18B1     		cbz	r0, .L9
 153:Src/main.c    ****   }
 495              		.loc 1 153 0
 496 0082 9921     		movs	r1, #153
 497 0084 0D48     		ldr	r0, .L11+8
 498 0086 FFF7FEFF 		bl	_Error_Handler
 499              	.LVL22:
 500              	.L9:
 158:Src/main.c    **** 
 501              		.loc 1 158 0
 502 008a FFF7FEFF 		bl	HAL_RCC_GetHCLKFreq
 503              	.LVL23:
ARM GAS  /tmp/ccwSTmxf.s 			page 16


 504 008e 0C4B     		ldr	r3, .L11+12
 505 0090 A3FB0030 		umull	r3, r0, r3, r0
 506 0094 8009     		lsrs	r0, r0, #6
 507 0096 FFF7FEFF 		bl	HAL_SYSTICK_Config
 508              	.LVL24:
 162:Src/main.c    **** 
 509              		.loc 1 162 0
 510 009a 0420     		movs	r0, #4
 511 009c FFF7FEFF 		bl	HAL_SYSTICK_CLKSourceConfig
 512              	.LVL25:
 165:Src/main.c    **** }
 513              		.loc 1 165 0
 514 00a0 0022     		movs	r2, #0
 515 00a2 1146     		mov	r1, r2
 516 00a4 4FF0FF30 		mov	r0, #-1
 517 00a8 FFF7FEFF 		bl	HAL_NVIC_SetPriority
 518              	.LVL26:
 166:Src/main.c    **** 
 519              		.loc 1 166 0
 520 00ac 15B0     		add	sp, sp, #84
 521              	.LCFI5:
 522              		.cfi_def_cfa_offset 4
 523              		@ sp needed
 524 00ae 5DF804FB 		ldr	pc, [sp], #4
 525              	.L12:
 526 00b2 00BF     		.align	2
 527              	.L11:
 528 00b4 00380240 		.word	1073887232
 529 00b8 00700040 		.word	1073770496
 530 00bc 00000000 		.word	.LC0
 531 00c0 D34D6210 		.word	274877907
 532              		.cfi_endproc
 533              	.LFE125:
 535              		.section	.text.main,"ax",%progbits
 536              		.align	2
 537              		.global	main
 538              		.thumb
 539              		.thumb_func
 541              	main:
 542              	.LFB124:
  68:Src/main.c    **** 
 543              		.loc 1 68 0
 544              		.cfi_startproc
 545              		@ args = 0, pretend = 0, frame = 0
 546              		@ frame_needed = 0, uses_anonymous_args = 0
 547 0000 08B5     		push	{r3, lr}
 548              	.LCFI6:
 549              		.cfi_def_cfa_offset 8
 550              		.cfi_offset 3, -8
 551              		.cfi_offset 14, -4
 552              	.LVL27:
  79:Src/main.c    **** 
 553              		.loc 1 79 0
 554 0002 FFF7FEFF 		bl	HAL_Init
 555              	.LVL28:
  86:Src/main.c    ****   i = 1;
 556              		.loc 1 86 0
ARM GAS  /tmp/ccwSTmxf.s 			page 17


 557 0006 FFF7FEFF 		bl	SystemClock_Config
 558              	.LVL29:
  93:Src/main.c    **** 
 559              		.loc 1 93 0
 560 000a FFF7FEFF 		bl	MX_GPIO_Init
 561              	.LVL30:
 562              	.L14:
 563 000e FEE7     		b	.L14
 564              		.cfi_endproc
 565              	.LFE124:
 567              		.section	.rodata.str1.4,"aMS",%progbits,1
 568              		.align	2
 569              	.LC0:
 570 0000 5372632F 		.ascii	"Src/main.c\000"
 570      6D61696E 
 570      2E6300
 571              		.text
 572              	.Letext0:
 573              		.file 2 "/home/jeong/SW4STM32_workspace/gcc-arm-none-eabi-5_4-2016q3/arm-none-eabi/include/machine
 574              		.file 3 "/home/jeong/SW4STM32_workspace/gcc-arm-none-eabi-5_4-2016q3/arm-none-eabi/include/sys/_st
 575              		.file 4 "Drivers/CMSIS/Device/ST/STM32F4xx/Include/stm32f407xx.h"
 576              		.file 5 "Drivers/STM32F4xx_HAL_Driver/Inc/stm32f4xx_hal_def.h"
 577              		.file 6 "Drivers/STM32F4xx_HAL_Driver/Inc/stm32f4xx_hal_rcc_ex.h"
 578              		.file 7 "Drivers/STM32F4xx_HAL_Driver/Inc/stm32f4xx_hal_rcc.h"
 579              		.file 8 "Drivers/STM32F4xx_HAL_Driver/Inc/stm32f4xx_hal_gpio.h"
 580              		.file 9 "Drivers/STM32F4xx_HAL_Driver/Inc/stm32f4xx_hal_cortex.h"
 581              		.file 10 "Drivers/STM32F4xx_HAL_Driver/Inc/stm32f4xx_hal.h"
 582              		.file 11 "Drivers/CMSIS/Include/core_cm4.h"
ARM GAS  /tmp/ccwSTmxf.s 			page 18


DEFINED SYMBOLS
                            *ABS*:00000000 main.c
     /tmp/ccwSTmxf.s:22     .text.MX_GPIO_Init:00000000 $t
     /tmp/ccwSTmxf.s:26     .text.MX_GPIO_Init:00000000 MX_GPIO_Init
     /tmp/ccwSTmxf.s:363    .text.MX_GPIO_Init:000001e8 $d
     /tmp/ccwSTmxf.s:375    .text._Error_Handler:00000000 $t
     /tmp/ccwSTmxf.s:380    .text._Error_Handler:00000000 _Error_Handler
     /tmp/ccwSTmxf.s:395    .text.SystemClock_Config:00000000 $t
     /tmp/ccwSTmxf.s:400    .text.SystemClock_Config:00000000 SystemClock_Config
     /tmp/ccwSTmxf.s:528    .text.SystemClock_Config:000000b4 $d
     /tmp/ccwSTmxf.s:536    .text.main:00000000 $t
     /tmp/ccwSTmxf.s:541    .text.main:00000000 main
     /tmp/ccwSTmxf.s:568    .rodata.str1.4:00000000 $d
                     .debug_frame:00000010 $d
                           .group:00000000 wm4.0.4599e9fa422711da1124cc0b350a8375
                           .group:00000000 wm4.main.h.40.e3a1e17cc2d5965fce76d0579def166e
                           .group:00000000 wm4.stm32f4xx_hal_conf.h.51.a693e2976386c4f84990e972fda71774
                           .group:00000000 wm4.stm32f4xx.h.55.8ae60c25c27046a314410fb6bc697f04
                           .group:00000000 wm4.stm32f407xx.h.51.4175af837e9c4979c1cd77c08222a06a
                           .group:00000000 wm4._newlib_version.h.4.ad342815780c8db09778091a421b5b5b
                           .group:00000000 wm4.features.h.33.d97f2d646536517df901beeb5b9993f5
                           .group:00000000 wm4._default_types.h.15.933e8edd27a65e0b69af4a865eb623d2
                           .group:00000000 wm4._intsup.h.10.b82bf99f69d6a5c085fc866de0d3eb9b
                           .group:00000000 wm4._stdint.h.10.7a5f60e6741af4a5594a3867d347e1f9
                           .group:00000000 wm4.stdint.h.23.373a9d32a9e4c2e88fd347156532d281
                           .group:00000000 wm4.core_cm4.h.74.09ac1776756364a5a5d23084aa23e459
                           .group:00000000 wm4.cmsis_gcc.h.36.39970cb43ce4b53c82644a1f9bc2eab9
                           .group:00000000 wm4.core_cm4.h.223.390ff9b0e06949b13520d8b6746f63e8
                           .group:00000000 wm4.stm32f407xx.h.923.8c2680d793d6b153a630994d81553def
                           .group:00000000 wm4.stm32f4xx.h.212.729f0f890654645a3f47ccc0cc2b00e7
                           .group:00000000 wm4.stm32_hal_legacy.h.39.0a006262c0dde8e6718ea04db9375df3
                           .group:00000000 wm4.newlib.h.8.36dd0417407b0a085bc04c49cc2ed13a
                           .group:00000000 wm4.config.h.219.65a553ab5bef5482f0d7880b0d33015e
                           .group:00000000 wm4._ansi.h.23.9f8fcfa20193763fcf364fb91705c94b
                           .group:00000000 wm4.stdio.h.31.7c0e28c411445f3f9c5b11accf882760
                           .group:00000000 wm4.stddef.h.187.2ff233552538c6ff9b8575ca8ea52cb3
                           .group:00000000 wm4.cdefs.h.47.ba62642086d429b4f95c2381cae1c0aa
                           .group:00000000 wm4.stddef.h.39.ec95e8feac892e292b69dc7ae75b0d64
                           .group:00000000 wm4.stdarg.h.34.3a23a216c0c293b3d2ea2e89281481e6
                           .group:00000000 wm4.lock.h.2.9bc98482741e5e2a9450b12934a684ea
                           .group:00000000 wm4._types.h.125.5cf8a495f1f7ef36777ad868a1e32068
                           .group:00000000 wm4.stddef.h.161.5349cb105733e8777bfb0cf53c4e3f34
                           .group:00000000 wm4._types.h.183.c226d164ceca1f2ecb9ae9360c54a098
                           .group:00000000 wm4.reent.h.17.23b059516345f8f5abfa01ddc379570f
                           .group:00000000 wm4.types.h.40.e8c16e7ec36ba55f133d0616070e25fc
                           .group:00000000 wm4._endian.h.31.65a10590763c3dde1ac4a7f66d7d4891
                           .group:00000000 wm4.endian.h.9.49f3a4695c1b61e8a0808de3c4a106cb
                           .group:00000000 wm4._timeval.h.30.0e8bfd94e85db17dda3286ee81496fe6
                           .group:00000000 wm4.timespec.h.41.d855182eb0e690443ab8651bcedca6e1
                           .group:00000000 wm4.select.h.30.bbece7fa40993a78092dcc5805132560
                           .group:00000000 wm4.types.h.69.ed3eae3cf73030a737515151ebcab7a1
                           .group:00000000 wm4.stdio.h.2.4aa87247282eca6c8f36f9de33d8df1a
                           .group:00000000 wm4.stdio.h.81.8188691c2279eac7a223caa50f6694b9
                           .group:00000000 wm4.stm32f4xx_hal_def.h.73.76a3ed0cac3dcadbad2c579775f7337d
                           .group:00000000 wm4.stm32f4xx_hal_rcc_ex.h.38.d0a99ffcbb511b745b26bbbbfe5820d4
                           .group:00000000 wm4.stm32f4xx_hal_rcc.h.124.a2879cde32d025916f183a698431b024
                           .group:00000000 wm4.stm32f4xx_hal_gpio.h.38.c654541df90515df53656abf13ef0dd1
ARM GAS  /tmp/ccwSTmxf.s 			page 19


                           .group:00000000 wm4.stm32f4xx_hal_gpio_ex.h.38.a46ca4f97a3c77a9680ac6ce8cbce8bf
                           .group:00000000 wm4.stm32f4xx_hal_gpio.h.280.d1bbbe40c2bfeb2581b77a10cbb75963
                           .group:00000000 wm4.stm32f4xx_hal_dma.h.38.826967b2ee2ce4e8476e40e16c44d47b
                           .group:00000000 wm4.stm32f4xx_hal_dma.h.737.d9af639e388922615f7b5f9f5672006c
                           .group:00000000 wm4.stm32f4xx_hal_cortex.h.38.eaf6fee195ede3ad6b595559b94a3cc8
                           .group:00000000 wm4.stm32f4xx_hal_flash.h.38.f6ac9a60a1b970042a664efcf9e83a4f
                           .group:00000000 wm4.stm32f4xx_hal_flash_ex.h.38.c99cfa4f0a3f82993e82d7d4a4bfcde1
                           .group:00000000 wm4.stm32f4xx_hal_flash.h.379.5b4e92c054e4b70bd95bfe64220c26d0
                           .group:00000000 wm4.stm32f4xx_hal_pwr.h.38.d162495a4f82d014969f4387a2f06457
                           .group:00000000 wm4.stm32f4xx_hal_pwr_ex.h.38.6c24e7a0d13dede73bc6dfdade826a3f
                           .group:00000000 wm4.stm32f4xx_hal_pwr.h.353.df344216adc255e407748df59ac3677e
                           .group:00000000 wm4.stm32f4xx_hal.h.66.bcf9fea4bcb5e2b5e03ed024af684f1f

UNDEFINED SYMBOLS
HAL_GPIO_WritePin
HAL_GPIO_Init
HAL_RCC_OscConfig
HAL_RCC_ClockConfig
HAL_RCC_GetHCLKFreq
HAL_SYSTICK_Config
HAL_SYSTICK_CLKSourceConfig
HAL_NVIC_SetPriority
HAL_Init
