ARM GAS  /tmp/cczivobv.s 			page 1


   1              		.syntax unified
   2              		.cpu cortex-m4
   3              		.eabi_attribute 27, 1
   4              		.eabi_attribute 28, 1
   5              		.fpu fpv4-sp-d16
   6              		.eabi_attribute 20, 1
   7              		.eabi_attribute 21, 1
   8              		.eabi_attribute 23, 3
   9              		.eabi_attribute 24, 1
  10              		.eabi_attribute 25, 1
  11              		.eabi_attribute 26, 1
  12              		.eabi_attribute 30, 1
  13              		.eabi_attribute 34, 1
  14              		.eabi_attribute 18, 4
  15              		.thumb
  16              		.syntax unified
  17              		.file	"stm32f4xx_it.c"
  18              		.text
  19              	.Ltext0:
  20              		.cfi_sections	.debug_frame
  21              		.section	.text.SysTick_Handler,"ax",%progbits
  22              		.align	2
  23              		.global	SysTick_Handler
  24              		.thumb
  25              		.thumb_func
  27              	SysTick_Handler:
  28              	.LFB124:
  29              		.file 1 "Src/stm32f4xx_it.c"
   1:Src/stm32f4xx_it.c **** /**
   2:Src/stm32f4xx_it.c ****   ******************************************************************************
   3:Src/stm32f4xx_it.c ****   * @file    stm32f4xx_it.c
   4:Src/stm32f4xx_it.c ****   * @brief   Interrupt Service Routines.
   5:Src/stm32f4xx_it.c ****   ******************************************************************************
   6:Src/stm32f4xx_it.c ****   *
   7:Src/stm32f4xx_it.c ****   * COPYRIGHT(c) 2017 STMicroelectronics
   8:Src/stm32f4xx_it.c ****   *
   9:Src/stm32f4xx_it.c ****   * Redistribution and use in source and binary forms, with or without modification,
  10:Src/stm32f4xx_it.c ****   * are permitted provided that the following conditions are met:
  11:Src/stm32f4xx_it.c ****   *   1. Redistributions of source code must retain the above copyright notice,
  12:Src/stm32f4xx_it.c ****   *      this list of conditions and the following disclaimer.
  13:Src/stm32f4xx_it.c ****   *   2. Redistributions in binary form must reproduce the above copyright notice,
  14:Src/stm32f4xx_it.c ****   *      this list of conditions and the following disclaimer in the documentation
  15:Src/stm32f4xx_it.c ****   *      and/or other materials provided with the distribution.
  16:Src/stm32f4xx_it.c ****   *   3. Neither the name of STMicroelectronics nor the names of its contributors
  17:Src/stm32f4xx_it.c ****   *      may be used to endorse or promote products derived from this software
  18:Src/stm32f4xx_it.c ****   *      without specific prior written permission.
  19:Src/stm32f4xx_it.c ****   *
  20:Src/stm32f4xx_it.c ****   * THIS SOFTWARE IS PROVIDED BY THE COPYRIGHT HOLDERS AND CONTRIBUTORS "AS IS"
  21:Src/stm32f4xx_it.c ****   * AND ANY EXPRESS OR IMPLIED WARRANTIES, INCLUDING, BUT NOT LIMITED TO, THE
  22:Src/stm32f4xx_it.c ****   * IMPLIED WARRANTIES OF MERCHANTABILITY AND FITNESS FOR A PARTICULAR PURPOSE ARE
  23:Src/stm32f4xx_it.c ****   * DISCLAIMED. IN NO EVENT SHALL THE COPYRIGHT HOLDER OR CONTRIBUTORS BE LIABLE
  24:Src/stm32f4xx_it.c ****   * FOR ANY DIRECT, INDIRECT, INCIDENTAL, SPECIAL, EXEMPLARY, OR CONSEQUENTIAL
  25:Src/stm32f4xx_it.c ****   * DAMAGES (INCLUDING, BUT NOT LIMITED TO, PROCUREMENT OF SUBSTITUTE GOODS OR
  26:Src/stm32f4xx_it.c ****   * SERVICES; LOSS OF USE, DATA, OR PROFITS; OR BUSINESS INTERRUPTION) HOWEVER
  27:Src/stm32f4xx_it.c ****   * CAUSED AND ON ANY THEORY OF LIABILITY, WHETHER IN CONTRACT, STRICT LIABILITY,
  28:Src/stm32f4xx_it.c ****   * OR TORT (INCLUDING NEGLIGENCE OR OTHERWISE) ARISING IN ANY WAY OUT OF THE USE
  29:Src/stm32f4xx_it.c ****   * OF THIS SOFTWARE, EVEN IF ADVISED OF THE POSSIBILITY OF SUCH DAMAGE.
ARM GAS  /tmp/cczivobv.s 			page 2


  30:Src/stm32f4xx_it.c ****   *
  31:Src/stm32f4xx_it.c ****   ******************************************************************************
  32:Src/stm32f4xx_it.c ****   */
  33:Src/stm32f4xx_it.c **** /* Includes ------------------------------------------------------------------*/
  34:Src/stm32f4xx_it.c **** #include "stm32f4xx_hal.h"
  35:Src/stm32f4xx_it.c **** #include "stm32f4xx.h"
  36:Src/stm32f4xx_it.c **** #include "stm32f4xx_it.h"
  37:Src/stm32f4xx_it.c **** 
  38:Src/stm32f4xx_it.c **** /* USER CODE BEGIN 0 */
  39:Src/stm32f4xx_it.c **** 
  40:Src/stm32f4xx_it.c **** /* USER CODE END 0 */
  41:Src/stm32f4xx_it.c **** 
  42:Src/stm32f4xx_it.c **** /* External variables --------------------------------------------------------*/
  43:Src/stm32f4xx_it.c **** 
  44:Src/stm32f4xx_it.c **** /******************************************************************************/
  45:Src/stm32f4xx_it.c **** /*            Cortex-M4 Processor Interruption and Exception Handlers         */ 
  46:Src/stm32f4xx_it.c **** /******************************************************************************/
  47:Src/stm32f4xx_it.c **** 
  48:Src/stm32f4xx_it.c **** /**
  49:Src/stm32f4xx_it.c **** * @brief This function handles System tick timer.
  50:Src/stm32f4xx_it.c **** */
  51:Src/stm32f4xx_it.c **** void SysTick_Handler(void)
  52:Src/stm32f4xx_it.c **** {
  30              		.loc 1 52 0
  31              		.cfi_startproc
  32              		@ args = 0, pretend = 0, frame = 0
  33              		@ frame_needed = 0, uses_anonymous_args = 0
  34 0000 08B5     		push	{r3, lr}
  35              	.LCFI0:
  36              		.cfi_def_cfa_offset 8
  37              		.cfi_offset 3, -8
  38              		.cfi_offset 14, -4
  53:Src/stm32f4xx_it.c ****   /* USER CODE BEGIN SysTick_IRQn 0 */
  54:Src/stm32f4xx_it.c **** 
  55:Src/stm32f4xx_it.c ****   /* USER CODE END SysTick_IRQn 0 */
  56:Src/stm32f4xx_it.c ****   HAL_IncTick();
  39              		.loc 1 56 0
  40 0002 FFF7FEFF 		bl	HAL_IncTick
  41              	.LVL0:
  57:Src/stm32f4xx_it.c ****   HAL_SYSTICK_IRQHandler();
  42              		.loc 1 57 0
  43 0006 FFF7FEFF 		bl	HAL_SYSTICK_IRQHandler
  44              	.LVL1:
  45 000a 08BD     		pop	{r3, pc}
  46              		.cfi_endproc
  47              	.LFE124:
  49              		.text
  50              	.Letext0:
  51              		.file 2 "/home/jeong/SW4STM32_workspace/gcc-arm-none-eabi-5_4-2016q3/arm-none-eabi/include/machine
  52              		.file 3 "/home/jeong/SW4STM32_workspace/gcc-arm-none-eabi-5_4-2016q3/arm-none-eabi/include/sys/_st
  53              		.file 4 "Drivers/STM32F4xx_HAL_Driver/Inc/stm32f4xx_hal.h"
  54              		.file 5 "Drivers/STM32F4xx_HAL_Driver/Inc/stm32f4xx_hal_cortex.h"
  55              		.file 6 "Drivers/CMSIS/Include/core_cm4.h"
ARM GAS  /tmp/cczivobv.s 			page 3


DEFINED SYMBOLS
                            *ABS*:00000000 stm32f4xx_it.c
     /tmp/cczivobv.s:22     .text.SysTick_Handler:00000000 $t
     /tmp/cczivobv.s:27     .text.SysTick_Handler:00000000 SysTick_Handler
                     .debug_frame:00000010 $d
                           .group:00000000 wm4.0.4599e9fa422711da1124cc0b350a8375
                           .group:00000000 wm4.main.h.40.e3a1e17cc2d5965fce76d0579def166e
                           .group:00000000 wm4.stm32f4xx_hal_conf.h.51.a693e2976386c4f84990e972fda71774
                           .group:00000000 wm4.stm32f4xx.h.55.8ae60c25c27046a314410fb6bc697f04
                           .group:00000000 wm4.stm32f407xx.h.51.4175af837e9c4979c1cd77c08222a06a
                           .group:00000000 wm4._newlib_version.h.4.ad342815780c8db09778091a421b5b5b
                           .group:00000000 wm4.features.h.33.d97f2d646536517df901beeb5b9993f5
                           .group:00000000 wm4._default_types.h.15.933e8edd27a65e0b69af4a865eb623d2
                           .group:00000000 wm4._intsup.h.10.b82bf99f69d6a5c085fc866de0d3eb9b
                           .group:00000000 wm4._stdint.h.10.7a5f60e6741af4a5594a3867d347e1f9
                           .group:00000000 wm4.stdint.h.23.373a9d32a9e4c2e88fd347156532d281
                           .group:00000000 wm4.core_cm4.h.74.09ac1776756364a5a5d23084aa23e459
                           .group:00000000 wm4.cmsis_gcc.h.36.39970cb43ce4b53c82644a1f9bc2eab9
                           .group:00000000 wm4.core_cm4.h.223.390ff9b0e06949b13520d8b6746f63e8
                           .group:00000000 wm4.stm32f407xx.h.923.8c2680d793d6b153a630994d81553def
                           .group:00000000 wm4.stm32f4xx.h.212.729f0f890654645a3f47ccc0cc2b00e7
                           .group:00000000 wm4.stm32_hal_legacy.h.39.0a006262c0dde8e6718ea04db9375df3
                           .group:00000000 wm4.newlib.h.8.36dd0417407b0a085bc04c49cc2ed13a
                           .group:00000000 wm4.config.h.219.65a553ab5bef5482f0d7880b0d33015e
                           .group:00000000 wm4._ansi.h.23.9f8fcfa20193763fcf364fb91705c94b
                           .group:00000000 wm4.stdio.h.31.7c0e28c411445f3f9c5b11accf882760
                           .group:00000000 wm4.stddef.h.187.2ff233552538c6ff9b8575ca8ea52cb3
                           .group:00000000 wm4.cdefs.h.47.ba62642086d429b4f95c2381cae1c0aa
                           .group:00000000 wm4.stddef.h.39.ec95e8feac892e292b69dc7ae75b0d64
                           .group:00000000 wm4.stdarg.h.34.3a23a216c0c293b3d2ea2e89281481e6
                           .group:00000000 wm4.lock.h.2.9bc98482741e5e2a9450b12934a684ea
                           .group:00000000 wm4._types.h.125.5cf8a495f1f7ef36777ad868a1e32068
                           .group:00000000 wm4.stddef.h.161.5349cb105733e8777bfb0cf53c4e3f34
                           .group:00000000 wm4._types.h.183.c226d164ceca1f2ecb9ae9360c54a098
                           .group:00000000 wm4.reent.h.17.23b059516345f8f5abfa01ddc379570f
                           .group:00000000 wm4.types.h.40.e8c16e7ec36ba55f133d0616070e25fc
                           .group:00000000 wm4._endian.h.31.65a10590763c3dde1ac4a7f66d7d4891
                           .group:00000000 wm4.endian.h.9.49f3a4695c1b61e8a0808de3c4a106cb
                           .group:00000000 wm4._timeval.h.30.0e8bfd94e85db17dda3286ee81496fe6
                           .group:00000000 wm4.timespec.h.41.d855182eb0e690443ab8651bcedca6e1
                           .group:00000000 wm4.select.h.30.bbece7fa40993a78092dcc5805132560
                           .group:00000000 wm4.types.h.69.ed3eae3cf73030a737515151ebcab7a1
                           .group:00000000 wm4.stdio.h.2.4aa87247282eca6c8f36f9de33d8df1a
                           .group:00000000 wm4.stdio.h.81.8188691c2279eac7a223caa50f6694b9
                           .group:00000000 wm4.stm32f4xx_hal_def.h.73.76a3ed0cac3dcadbad2c579775f7337d
                           .group:00000000 wm4.stm32f4xx_hal_rcc_ex.h.38.d0a99ffcbb511b745b26bbbbfe5820d4
                           .group:00000000 wm4.stm32f4xx_hal_rcc.h.124.a2879cde32d025916f183a698431b024
                           .group:00000000 wm4.stm32f4xx_hal_gpio.h.38.c654541df90515df53656abf13ef0dd1
                           .group:00000000 wm4.stm32f4xx_hal_gpio_ex.h.38.a46ca4f97a3c77a9680ac6ce8cbce8bf
                           .group:00000000 wm4.stm32f4xx_hal_gpio.h.280.d1bbbe40c2bfeb2581b77a10cbb75963
                           .group:00000000 wm4.stm32f4xx_hal_dma.h.38.826967b2ee2ce4e8476e40e16c44d47b
                           .group:00000000 wm4.stm32f4xx_hal_dma.h.737.d9af639e388922615f7b5f9f5672006c
                           .group:00000000 wm4.stm32f4xx_hal_cortex.h.38.eaf6fee195ede3ad6b595559b94a3cc8
                           .group:00000000 wm4.stm32f4xx_hal_flash.h.38.f6ac9a60a1b970042a664efcf9e83a4f
                           .group:00000000 wm4.stm32f4xx_hal_flash_ex.h.38.c99cfa4f0a3f82993e82d7d4a4bfcde1
                           .group:00000000 wm4.stm32f4xx_hal_flash.h.379.5b4e92c054e4b70bd95bfe64220c26d0
                           .group:00000000 wm4.stm32f4xx_hal_pwr.h.38.d162495a4f82d014969f4387a2f06457
ARM GAS  /tmp/cczivobv.s 			page 4


                           .group:00000000 wm4.stm32f4xx_hal_pwr_ex.h.38.6c24e7a0d13dede73bc6dfdade826a3f
                           .group:00000000 wm4.stm32f4xx_hal_pwr.h.353.df344216adc255e407748df59ac3677e
                           .group:00000000 wm4.stm32f4xx_hal.h.66.bcf9fea4bcb5e2b5e03ed024af684f1f

UNDEFINED SYMBOLS
HAL_IncTick
HAL_SYSTICK_IRQHandler
